<?xml version="1.0" encoding="UTF-8"?>
<!-- Generated by org.testng.reporters.JUnitXMLReporter -->
<testsuite hostname="MacBook-Pro-de-Mac.local" ignored="0" name="Test" tests="3" failures="0" timestamp="06 mar 2017 02:08:04 GMT" time="102.691" errors="0">
  <testcase name="addedToCart" time="31.181" classname="Test.LaunchDriver"/>
  <testcase name="searchAndSelectProduct" time="27.059" classname="Test.LaunchDriver"/>
  <testcase name="startSesion" time="23.978" classname="Test.LaunchDriver"/>
</testsuite> <!-- Test -->
